mads 2.0.4 build 13 (8 May 16)
Source: a.asm
     1 				;	MODE 9++
     2
     3 					org $2000	
     4 					
     5 					
     6 = 2000			run		equ *
     7 				/*		lda #0
     8 						tax
     9 				@		sta obraz,x
    10 						sta obraz+$100,x
    11 						sta obraz+$200,x
    12 						dex
    13 						bne @-*/
    13
    14 						
    15 FFFF> 2000-202C> F8			sed
    16 2001 18					clc
    17 2002 A9 99				lda #$99
    18 2004 69 01				adc #$01
    19 2006 00					brk
    20 						
    21 2007 A9 39 8D 2F 02			mva #57 559
    22 						
    23 200C A9 00 8D 30 02 A9 + 		mwa #dlist 560
    24 						;mva #%01000001 623
    25 						
    26 2016 A9 34 8D C4 02			mva #$34 708
    27 201B A9 B4 8D C5 02			mva #$b4 709
    28 2020 A9 84 8D C6 02			mva #$84 710
    29 2025 A9 00 8D C8 02			mva #0 712
    30 						
    31 						
    32 					
    33 202A 4C 2A 20				jmp *
    34 						
    35 202D					org $4000
    36 4000-4280> 55 55 00 00 + obraz	dta b(%01010101,%01010101,0,0,%10101010,%10101010,0,0,%11111111,%11111111,0,0,0,0,0,0)
    37 4010 00 00 00 00 00 00 + 		:16 dta b(0)
    38 4020 01 23 00 00 46 57 + 		dta b(%00000001,%00100011,0,0,%01000110,%01010111,0,0,%10101101,%1111,%1101,0,0,0,0,0,0)
    39 4031 00 00 00 00 00 00 + 		:16 dta b(0)
    40 4041 00 00 00 00 00 00 + 		:576 dta b(0)
    41 						
    42 					
    43 4281					org $600
    44 					
    45 0600-0614> 70 70		dlist	dta b($70,$70)
    46 0602 4E 00 40 0E 4E 00 + 		:4 dta b($4e),a(obraz),b($0e)
    47 						;:4 dta b($4e),a(obraz+$40),b($0f)
    48 						;:4 dta b($4e),a(obraz+$80),b($0f)
    49 						;:4 dta b($4e),a(obraz+$c0),b($0f)
    50 						;:4 dta b($4e),a(obraz+$100),b($0f)
    51 						;:4 dta b($4e),a(obraz+$140),b($0f)
    52 						;:4 dta b($4e),a(obraz+$180),b($0f)
    53 						;:4 dta b($4e),a(obraz+$1c0),b($0f)
    54 						;:4 dta b($4e),a(obraz+$200),b($0f)
    55 						;:4 dta b($4e),a(obraz+$240),b($0f)
    56 0612 41 00 06				dta b(65),a(dlist)
    57 						
    58 02E0-02E1> 00 20			run run
